<?xml version="1.0" encoding="UTF-8"?>
<!-- Generated by org.testng.reporters.JUnitReportReporter -->
<testsuite hostname="Anand-PC" failures="0" tests="2" name="Runner.RunLogin" time="15.771" errors="0" timestamp="2021-05-11T05:38:59 IST" skipped="0">
  <testcase classname="Runner.RunLogin" name="runScenario" time="8.900"/>
  <testcase classname="Runner.RunLogin" name="runScenario" time="6.871"/>
</testsuite> <!-- Runner.RunLogin -->
